{"total": {"lines":{"total":1133,"covered":1070,"skipped":0,"pct":94.43},"statements":{"total":1276,"covered":1191,"skipped":0,"pct":93.33},"functions":{"total":434,"covered":393,"skipped":0,"pct":90.55},"branches":{"total":684,"covered":607,"skipped":0,"pct":88.74},"branchesTrue":{"total":0,"covered":0,"skipped":0,"pct":100}}
,"/Users/willy.jansen/repos/password-manager/src/components/App/index.tsx": {"lines":{"total":4,"covered":4,"skipped":0,"pct":100},"functions":{"total":2,"covered":2,"skipped":0,"pct":100},"statements":{"total":4,"covered":4,"skipped":0,"pct":100},"branches":{"total":0,"covered":0,"skipped":0,"pct":100}}
,"/Users/willy.jansen/repos/password-manager/src/components/GlobalModals/index.tsx": {"lines":{"total":28,"covered":21,"skipped":0,"pct":75},"functions":{"total":11,"covered":8,"skipped":0,"pct":72.72},"statements":{"total":29,"covered":22,"skipped":0,"pct":75.86},"branches":{"total":10,"covered":10,"skipped":0,"pct":100}}
,"/Users/willy.jansen/repos/password-manager/src/components/PasswordCard/index.tsx": {"lines":{"total":8,"covered":6,"skipped":0,"pct":75},"functions":{"total":5,"covered":4,"skipped":0,"pct":80},"statements":{"total":10,"covered":8,"skipped":0,"pct":80},"branches":{"total":34,"covered":33,"skipped":0,"pct":97.05}}
,"/Users/willy.jansen/repos/password-manager/src/components/PasswordGenerator/index.tsx": {"lines":{"total":10,"covered":10,"skipped":0,"pct":100},"functions":{"total":6,"covered":6,"skipped":0,"pct":100},"statements":{"total":10,"covered":10,"skipped":0,"pct":100},"branches":{"total":5,"covered":5,"skipped":0,"pct":100}}
,"/Users/willy.jansen/repos/password-manager/src/components/Toast/index.tsx": {"lines":{"total":5,"covered":5,"skipped":0,"pct":100},"functions":{"total":1,"covered":1,"skipped":0,"pct":100},"statements":{"total":5,"covered":5,"skipped":0,"pct":100},"branches":{"total":3,"covered":3,"skipped":0,"pct":100}}
,"/Users/willy.jansen/repos/password-manager/src/components/modals/ActivateLicenseModal/index.tsx": {"lines":{"total":4,"covered":4,"skipped":0,"pct":100},"functions":{"total":3,"covered":3,"skipped":0,"pct":100},"statements":{"total":4,"covered":4,"skipped":0,"pct":100},"branches":{"total":6,"covered":6,"skipped":0,"pct":100}}
,"/Users/willy.jansen/repos/password-manager/src/components/modals/ActivateLicenseModal/useActivateLicense.ts": {"lines":{"total":22,"covered":22,"skipped":0,"pct":100},"functions":{"total":7,"covered":7,"skipped":0,"pct":100},"statements":{"total":23,"covered":22,"skipped":0,"pct":95.65},"branches":{"total":14,"covered":11,"skipped":0,"pct":78.57}}
,"/Users/willy.jansen/repos/password-manager/src/components/modals/ChangeMasterPasswordModal/index.tsx": {"lines":{"total":15,"covered":15,"skipped":0,"pct":100},"functions":{"total":12,"covered":12,"skipped":0,"pct":100},"statements":{"total":18,"covered":18,"skipped":0,"pct":100},"branches":{"total":14,"covered":14,"skipped":0,"pct":100}}
,"/Users/willy.jansen/repos/password-manager/src/components/modals/CreateFolderModal/index.tsx": {"lines":{"total":6,"covered":5,"skipped":0,"pct":83.33},"functions":{"total":5,"covered":4,"skipped":0,"pct":80},"statements":{"total":6,"covered":5,"skipped":0,"pct":83.33},"branches":{"total":4,"covered":4,"skipped":0,"pct":100}}
,"/Users/willy.jansen/repos/password-manager/src/components/modals/CreateMasterPasswordModal/index.tsx": {"lines":{"total":6,"covered":6,"skipped":0,"pct":100},"functions":{"total":7,"covered":7,"skipped":0,"pct":100},"statements":{"total":8,"covered":8,"skipped":0,"pct":100},"branches":{"total":12,"covered":12,"skipped":0,"pct":100}}
,"/Users/willy.jansen/repos/password-manager/src/components/modals/CreatePasswordModal/index.tsx": {"lines":{"total":26,"covered":25,"skipped":0,"pct":96.15},"functions":{"total":19,"covered":17,"skipped":0,"pct":89.47},"statements":{"total":29,"covered":27,"skipped":0,"pct":93.1},"branches":{"total":19,"covered":17,"skipped":0,"pct":89.47}}
,"/Users/willy.jansen/repos/password-manager/src/components/modals/DeleteFolderModal/index.tsx": {"lines":{"total":2,"covered":2,"skipped":0,"pct":100},"functions":{"total":2,"covered":2,"skipped":0,"pct":100},"statements":{"total":2,"covered":2,"skipped":0,"pct":100},"branches":{"total":2,"covered":2,"skipped":0,"pct":100}}
,"/Users/willy.jansen/repos/password-manager/src/components/modals/DeletePasswordModal/index.tsx": {"lines":{"total":3,"covered":3,"skipped":0,"pct":100},"functions":{"total":2,"covered":2,"skipped":0,"pct":100},"statements":{"total":3,"covered":3,"skipped":0,"pct":100},"branches":{"total":8,"covered":8,"skipped":0,"pct":100}}
,"/Users/willy.jansen/repos/password-manager/src/components/modals/DestroyVaultModal/index.tsx": {"lines":{"total":2,"covered":2,"skipped":0,"pct":100},"functions":{"total":2,"covered":2,"skipped":0,"pct":100},"statements":{"total":2,"covered":2,"skipped":0,"pct":100},"branches":{"total":2,"covered":2,"skipped":0,"pct":100}}
,"/Users/willy.jansen/repos/password-manager/src/components/modals/EditFolderModal/index.tsx": {"lines":{"total":6,"covered":5,"skipped":0,"pct":83.33},"functions":{"total":5,"covered":4,"skipped":0,"pct":80},"statements":{"total":6,"covered":5,"skipped":0,"pct":83.33},"branches":{"total":4,"covered":4,"skipped":0,"pct":100}}
,"/Users/willy.jansen/repos/password-manager/src/components/modals/ExportVaultModal/index.tsx": {"lines":{"total":25,"covered":25,"skipped":0,"pct":100},"functions":{"total":9,"covered":9,"skipped":0,"pct":100},"statements":{"total":28,"covered":28,"skipped":0,"pct":100},"branches":{"total":20,"covered":20,"skipped":0,"pct":100}}
,"/Users/willy.jansen/repos/password-manager/src/components/modals/FolderModal/useFolderForm.ts": {"lines":{"total":6,"covered":6,"skipped":0,"pct":100},"functions":{"total":2,"covered":2,"skipped":0,"pct":100},"statements":{"total":6,"covered":6,"skipped":0,"pct":100},"branches":{"total":2,"covered":2,"skipped":0,"pct":100}}
,"/Users/willy.jansen/repos/password-manager/src/components/modals/GeneratePasswordModal/index.tsx": {"lines":{"total":10,"covered":10,"skipped":0,"pct":100},"functions":{"total":6,"covered":6,"skipped":0,"pct":100},"statements":{"total":10,"covered":10,"skipped":0,"pct":100},"branches":{"total":5,"covered":5,"skipped":0,"pct":100}}
,"/Users/willy.jansen/repos/password-manager/src/components/modals/ImportVaultModal/index.tsx": {"lines":{"total":17,"covered":15,"skipped":0,"pct":88.23},"functions":{"total":4,"covered":3,"skipped":0,"pct":75},"statements":{"total":18,"covered":16,"skipped":0,"pct":88.88},"branches":{"total":14,"covered":7,"skipped":0,"pct":50}}
,"/Users/willy.jansen/repos/password-manager/src/components/modals/ProWelcomeModal/index.tsx": {"lines":{"total":2,"covered":2,"skipped":0,"pct":100},"functions":{"total":2,"covered":2,"skipped":0,"pct":100},"statements":{"total":2,"covered":2,"skipped":0,"pct":100},"branches":{"total":0,"covered":0,"skipped":0,"pct":100}}
,"/Users/willy.jansen/repos/password-manager/src/components/modals/UpgradeToProModal/index.tsx": {"lines":{"total":5,"covered":5,"skipped":0,"pct":100},"functions":{"total":3,"covered":3,"skipped":0,"pct":100},"statements":{"total":5,"covered":5,"skipped":0,"pct":100},"branches":{"total":0,"covered":0,"skipped":0,"pct":100}}
,"/Users/willy.jansen/repos/password-manager/src/hooks/useClipboard.ts": {"lines":{"total":23,"covered":23,"skipped":0,"pct":100},"functions":{"total":11,"covered":9,"skipped":0,"pct":81.81},"statements":{"total":28,"covered":28,"skipped":0,"pct":100},"branches":{"total":0,"covered":0,"skipped":0,"pct":100}}
,"/Users/willy.jansen/repos/password-manager/src/hooks/useCreateFolder.ts": {"lines":{"total":6,"covered":6,"skipped":0,"pct":100},"functions":{"total":3,"covered":3,"skipped":0,"pct":100},"statements":{"total":6,"covered":6,"skipped":0,"pct":100},"branches":{"total":0,"covered":0,"skipped":0,"pct":100}}
,"/Users/willy.jansen/repos/password-manager/src/hooks/useCreateMasterPassword.ts": {"lines":{"total":29,"covered":29,"skipped":0,"pct":100},"functions":{"total":3,"covered":3,"skipped":0,"pct":100},"statements":{"total":29,"covered":29,"skipped":0,"pct":100},"branches":{"total":12,"covered":11,"skipped":0,"pct":91.66}}
,"/Users/willy.jansen/repos/password-manager/src/hooks/useCreatePassword.ts": {"lines":{"total":24,"covered":22,"skipped":0,"pct":91.66},"functions":{"total":6,"covered":6,"skipped":0,"pct":100},"statements":{"total":24,"covered":22,"skipped":0,"pct":91.66},"branches":{"total":19,"covered":18,"skipped":0,"pct":94.73}}
,"/Users/willy.jansen/repos/password-manager/src/hooks/useDashboard.ts": {"lines":{"total":121,"covered":95,"skipped":0,"pct":78.51},"functions":{"total":43,"covered":28,"skipped":0,"pct":65.11},"statements":{"total":143,"covered":107,"skipped":0,"pct":74.82},"branches":{"total":45,"covered":26,"skipped":0,"pct":57.77}}
,"/Users/willy.jansen/repos/password-manager/src/hooks/useDeepLink.ts": {"lines":{"total":25,"covered":24,"skipped":0,"pct":96},"functions":{"total":10,"covered":10,"skipped":0,"pct":100},"statements":{"total":32,"covered":31,"skipped":0,"pct":96.87},"branches":{"total":14,"covered":12,"skipped":0,"pct":85.71}}
,"/Users/willy.jansen/repos/password-manager/src/hooks/useFolderManager.ts": {"lines":{"total":43,"covered":43,"skipped":0,"pct":100},"functions":{"total":18,"covered":18,"skipped":0,"pct":100},"statements":{"total":50,"covered":50,"skipped":0,"pct":100},"branches":{"total":15,"covered":13,"skipped":0,"pct":86.66}}
,"/Users/willy.jansen/repos/password-manager/src/hooks/useGlobalKeyboard.ts": {"lines":{"total":25,"covered":22,"skipped":0,"pct":88},"functions":{"total":4,"covered":4,"skipped":0,"pct":100},"statements":{"total":28,"covered":25,"skipped":0,"pct":89.28},"branches":{"total":26,"covered":21,"skipped":0,"pct":80.76}}
,"/Users/willy.jansen/repos/password-manager/src/hooks/useKeyboardNav.ts": {"lines":{"total":89,"covered":89,"skipped":0,"pct":100},"functions":{"total":5,"covered":5,"skipped":0,"pct":100},"statements":{"total":93,"covered":92,"skipped":0,"pct":98.92},"branches":{"total":95,"covered":94,"skipped":0,"pct":98.94}}
,"/Users/willy.jansen/repos/password-manager/src/hooks/useLimitCheck.ts": {"lines":{"total":10,"covered":10,"skipped":0,"pct":100},"functions":{"total":4,"covered":4,"skipped":0,"pct":100},"statements":{"total":10,"covered":10,"skipped":0,"pct":100},"branches":{"total":4,"covered":4,"skipped":0,"pct":100}}
,"/Users/willy.jansen/repos/password-manager/src/hooks/useLogin.ts": {"lines":{"total":23,"covered":23,"skipped":0,"pct":100},"functions":{"total":2,"covered":2,"skipped":0,"pct":100},"statements":{"total":23,"covered":23,"skipped":0,"pct":100},"branches":{"total":4,"covered":4,"skipped":0,"pct":100}}
,"/Users/willy.jansen/repos/password-manager/src/hooks/useLoginPage.ts": {"lines":{"total":50,"covered":50,"skipped":0,"pct":100},"functions":{"total":24,"covered":21,"skipped":0,"pct":87.5},"statements":{"total":64,"covered":62,"skipped":0,"pct":96.87},"branches":{"total":14,"covered":12,"skipped":0,"pct":85.71}}
,"/Users/willy.jansen/repos/password-manager/src/hooks/usePasswordDetails.ts": {"lines":{"total":61,"covered":61,"skipped":0,"pct":100},"functions":{"total":24,"covered":24,"skipped":0,"pct":100},"statements":{"total":79,"covered":75,"skipped":0,"pct":94.93},"branches":{"total":25,"covered":20,"skipped":0,"pct":80}}
,"/Users/willy.jansen/repos/password-manager/src/hooks/usePasswordGenerator.ts": {"lines":{"total":14,"covered":14,"skipped":0,"pct":100},"functions":{"total":4,"covered":4,"skipped":0,"pct":100},"statements":{"total":14,"covered":14,"skipped":0,"pct":100},"branches":{"total":0,"covered":0,"skipped":0,"pct":100}}
,"/Users/willy.jansen/repos/password-manager/src/hooks/usePasswordSelection.ts": {"lines":{"total":26,"covered":26,"skipped":0,"pct":100},"functions":{"total":10,"covered":10,"skipped":0,"pct":100},"statements":{"total":34,"covered":34,"skipped":0,"pct":100},"branches":{"total":8,"covered":8,"skipped":0,"pct":100}}
,"/Users/willy.jansen/repos/password-manager/src/hooks/useSessionActivity.ts": {"lines":{"total":19,"covered":19,"skipped":0,"pct":100},"functions":{"total":7,"covered":7,"skipped":0,"pct":100},"statements":{"total":19,"covered":19,"skipped":0,"pct":100},"branches":{"total":2,"covered":2,"skipped":0,"pct":100}}
,"/Users/willy.jansen/repos/password-manager/src/hooks/useSettings.ts": {"lines":{"total":56,"covered":53,"skipped":0,"pct":94.64},"functions":{"total":31,"covered":28,"skipped":0,"pct":90.32},"statements":{"total":62,"covered":59,"skipped":0,"pct":95.16},"branches":{"total":6,"covered":6,"skipped":0,"pct":100}}
,"/Users/willy.jansen/repos/password-manager/src/hooks/useTheme.ts": {"lines":{"total":9,"covered":9,"skipped":0,"pct":100},"functions":{"total":2,"covered":2,"skipped":0,"pct":100},"statements":{"total":9,"covered":9,"skipped":0,"pct":100},"branches":{"total":2,"covered":2,"skipped":0,"pct":100}}
,"/Users/willy.jansen/repos/password-manager/src/pages/Dashboard/index.tsx": {"lines":{"total":24,"covered":21,"skipped":0,"pct":87.5},"functions":{"total":18,"covered":16,"skipped":0,"pct":88.88},"statements":{"total":24,"covered":21,"skipped":0,"pct":87.5},"branches":{"total":36,"covered":32,"skipped":0,"pct":88.88}}
,"/Users/willy.jansen/repos/password-manager/src/pages/LoginPage/index.tsx": {"lines":{"total":11,"covered":9,"skipped":0,"pct":81.81},"functions":{"total":7,"covered":5,"skipped":0,"pct":71.42},"statements":{"total":12,"covered":10,"skipped":0,"pct":83.33},"branches":{"total":24,"covered":20,"skipped":0,"pct":83.33}}
,"/Users/willy.jansen/repos/password-manager/src/pages/PasswordDetailsPage/index.tsx": {"lines":{"total":13,"covered":11,"skipped":0,"pct":84.61},"functions":{"total":8,"covered":6,"skipped":0,"pct":75},"statements":{"total":13,"covered":11,"skipped":0,"pct":84.61},"branches":{"total":43,"covered":37,"skipped":0,"pct":86.04}}
,"/Users/willy.jansen/repos/password-manager/src/pages/SettingsPage/index.tsx": {"lines":{"total":22,"covered":22,"skipped":0,"pct":100},"functions":{"total":17,"covered":17,"skipped":0,"pct":100},"statements":{"total":23,"covered":23,"skipped":0,"pct":100},"branches":{"total":32,"covered":30,"skipped":0,"pct":93.75}}
,"/Users/willy.jansen/repos/password-manager/src/services/sessionService.ts": {"lines":{"total":20,"covered":20,"skipped":0,"pct":100},"functions":{"total":5,"covered":5,"skipped":0,"pct":100},"statements":{"total":20,"covered":20,"skipped":0,"pct":100},"branches":{"total":0,"covered":0,"skipped":0,"pct":100}}
,"/Users/willy.jansen/repos/password-manager/src/services/storageService.ts": {"lines":{"total":24,"covered":24,"skipped":0,"pct":100},"functions":{"total":15,"covered":15,"skipped":0,"pct":100},"statements":{"total":24,"covered":24,"skipped":0,"pct":100},"branches":{"total":4,"covered":3,"skipped":0,"pct":75}}
,"/Users/willy.jansen/repos/password-manager/src/store/atoms.ts": {"lines":{"total":119,"covered":113,"skipped":0,"pct":94.95},"functions":{"total":33,"covered":30,"skipped":0,"pct":90.9},"statements":{"total":138,"covered":130,"skipped":0,"pct":94.2},"branches":{"total":48,"covered":40,"skipped":0,"pct":83.33}}
,"/Users/willy.jansen/repos/password-manager/src/utils/avatar.ts": {"lines":{"total":4,"covered":4,"skipped":0,"pct":100},"functions":{"total":2,"covered":2,"skipped":0,"pct":100},"statements":{"total":4,"covered":4,"skipped":0,"pct":100},"branches":{"total":6,"covered":6,"skipped":0,"pct":100}}
,"/Users/willy.jansen/repos/password-manager/src/utils/passwordGenerator.ts": {"lines":{"total":23,"covered":23,"skipped":0,"pct":100},"functions":{"total":2,"covered":2,"skipped":0,"pct":100},"statements":{"total":33,"covered":32,"skipped":0,"pct":96.96},"branches":{"total":18,"covered":17,"skipped":0,"pct":94.44}}
,"/Users/willy.jansen/repos/password-manager/src/utils/url.ts": {"lines":{"total":8,"covered":7,"skipped":0,"pct":87.5},"functions":{"total":1,"covered":1,"skipped":0,"pct":100},"statements":{"total":10,"covered":9,"skipped":0,"pct":90},"branches":{"total":4,"covered":4,"skipped":0,"pct":100}}
}
